[2024-08-05T14:17:46.549+0300] {local_task_job_runner.py:120} INFO - ::group::Pre task execution logs
[2024-08-05T14:17:46.574+0300] {taskinstance.py:2076} INFO - Dependencies all met for dep_context=non-requeueable deps ti=<TaskInstance: process_air_pollution_data_dag.clean_data scheduled__2024-08-04T00:00:00+00:00 [queued]>
[2024-08-05T14:17:46.583+0300] {taskinstance.py:2076} INFO - Dependencies all met for dep_context=requeueable deps ti=<TaskInstance: process_air_pollution_data_dag.clean_data scheduled__2024-08-04T00:00:00+00:00 [queued]>
[2024-08-05T14:17:46.583+0300] {taskinstance.py:2306} INFO - Starting attempt 1 of 2
[2024-08-05T14:17:46.600+0300] {taskinstance.py:2330} INFO - Executing <Task(PythonOperator): clean_data> on 2024-08-04 00:00:00+00:00
[2024-08-05T14:17:46.604+0300] {standard_task_runner.py:64} INFO - Started process 83500 to run task
[2024-08-05T14:17:46.607+0300] {standard_task_runner.py:90} INFO - Running: ['airflow', 'tasks', 'run', 'process_air_pollution_data_dag', 'clean_data', 'scheduled__2024-08-04T00:00:00+00:00', '--job-id', '307', '--raw', '--subdir', 'DAGS_FOLDER/process_air_pollution_data_dag.py', '--cfg-path', '/tmp/tmptdwxszk9']
[2024-08-05T14:17:46.608+0300] {standard_task_runner.py:91} INFO - Job 307: Subtask clean_data
[2024-08-05T14:17:46.652+0300] {task_command.py:426} INFO - Running <TaskInstance: process_air_pollution_data_dag.clean_data scheduled__2024-08-04T00:00:00+00:00 [running]> on host std21092
[2024-08-05T14:17:46.723+0300] {taskinstance.py:2648} INFO - Exporting env vars: AIRFLOW_CTX_DAG_OWNER='airflow' AIRFLOW_CTX_DAG_ID='process_air_pollution_data_dag' AIRFLOW_CTX_TASK_ID='clean_data' AIRFLOW_CTX_EXECUTION_DATE='2024-08-04T00:00:00+00:00' AIRFLOW_CTX_TRY_NUMBER='1' AIRFLOW_CTX_DAG_RUN_ID='scheduled__2024-08-04T00:00:00+00:00'
[2024-08-05T14:17:46.723+0300] {taskinstance.py:430} INFO - ::endgroup::
[2024-08-05T14:17:46.725+0300] {taskinstance.py:441} INFO - ::group::Post task execution logs
[2024-08-05T14:17:46.726+0300] {taskinstance.py:2905} ERROR - Task failed with exception
Traceback (most recent call last):
  File "/home/safidy/.local/lib/python3.9/site-packages/airflow/models/taskinstance.py", line 465, in _execute_task
    result = _execute_callable(context=context, **execute_callable_kwargs)
  File "/home/safidy/.local/lib/python3.9/site-packages/airflow/models/taskinstance.py", line 432, in _execute_callable
    return execute_callable(context=context, **execute_callable_kwargs)
  File "/home/safidy/.local/lib/python3.9/site-packages/airflow/models/baseoperator.py", line 401, in wrapper
    return func(self, *args, **kwargs)
  File "/home/safidy/.local/lib/python3.9/site-packages/airflow/operators/python.py", line 235, in execute
    return_value = self.execute_callable()
  File "/home/safidy/.local/lib/python3.9/site-packages/airflow/operators/python.py", line 252, in execute_callable
    return self.python_callable(*self.op_args, **self.op_kwargs)
  File "/home/safidy/airflow/dags/process_air_pollution_data_dag.py", line 7, in clean_data
    df = pd.read_csv('/home/safidy/airflow/data/air_pollution_data.csv')
  File "/home/safidy/.local/lib/python3.9/site-packages/pandas/io/parsers/readers.py", line 912, in read_csv
    return _read(filepath_or_buffer, kwds)
  File "/home/safidy/.local/lib/python3.9/site-packages/pandas/io/parsers/readers.py", line 583, in _read
    return parser.read(nrows)
  File "/home/safidy/.local/lib/python3.9/site-packages/pandas/io/parsers/readers.py", line 1704, in read
    ) = self._engine.read(  # type: ignore[attr-defined]
  File "/home/safidy/.local/lib/python3.9/site-packages/pandas/io/parsers/c_parser_wrapper.py", line 234, in read
    chunks = self._reader.read_low_memory(nrows)
  File "pandas/_libs/parsers.pyx", line 814, in pandas._libs.parsers.TextReader.read_low_memory
  File "pandas/_libs/parsers.pyx", line 875, in pandas._libs.parsers.TextReader._read_rows
  File "pandas/_libs/parsers.pyx", line 850, in pandas._libs.parsers.TextReader._tokenize_rows
  File "pandas/_libs/parsers.pyx", line 861, in pandas._libs.parsers.TextReader._check_tokenize_status
  File "pandas/_libs/parsers.pyx", line 2029, in pandas._libs.parsers.raise_parser_error
pandas.errors.ParserError: Error tokenizing data. C error: Expected 3 fields in line 3, saw 10

[2024-08-05T14:17:46.732+0300] {taskinstance.py:1206} INFO - Marking task as UP_FOR_RETRY. dag_id=process_air_pollution_data_dag, task_id=clean_data, run_id=scheduled__2024-08-04T00:00:00+00:00, execution_date=20240804T000000, start_date=20240805T111746, end_date=20240805T111746
[2024-08-05T14:17:46.745+0300] {standard_task_runner.py:110} ERROR - Failed to execute job 307 for task clean_data (Error tokenizing data. C error: Expected 3 fields in line 3, saw 10
; 83500)
[2024-08-05T14:17:46.779+0300] {local_task_job_runner.py:243} INFO - Task exited with return code 1
[2024-08-05T14:17:46.802+0300] {taskinstance.py:3503} INFO - 0 downstream tasks scheduled from follow-on schedule check
[2024-08-05T14:17:46.803+0300] {local_task_job_runner.py:222} INFO - ::endgroup::
[2024-08-05T14:34:20.179+0300] {local_task_job_runner.py:120} INFO - ::group::Pre task execution logs
[2024-08-05T14:34:20.217+0300] {taskinstance.py:2076} INFO - Dependencies all met for dep_context=non-requeueable deps ti=<TaskInstance: process_air_pollution_data_dag.clean_data scheduled__2024-08-04T00:00:00+00:00 [queued]>
[2024-08-05T14:34:20.227+0300] {taskinstance.py:2076} INFO - Dependencies all met for dep_context=requeueable deps ti=<TaskInstance: process_air_pollution_data_dag.clean_data scheduled__2024-08-04T00:00:00+00:00 [queued]>
[2024-08-05T14:34:20.227+0300] {taskinstance.py:2306} INFO - Starting attempt 1 of 2
[2024-08-05T14:34:20.244+0300] {taskinstance.py:2330} INFO - Executing <Task(PythonOperator): clean_data> on 2024-08-04 00:00:00+00:00
[2024-08-05T14:34:20.250+0300] {standard_task_runner.py:64} INFO - Started process 90246 to run task
[2024-08-05T14:34:20.253+0300] {standard_task_runner.py:90} INFO - Running: ['airflow', 'tasks', 'run', 'process_air_pollution_data_dag', 'clean_data', 'scheduled__2024-08-04T00:00:00+00:00', '--job-id', '307', '--raw', '--subdir', 'DAGS_FOLDER/process_air_pollution_data_dag.py', '--cfg-path', '/tmp/tmp9f9fjjsm']
[2024-08-05T14:34:20.254+0300] {standard_task_runner.py:91} INFO - Job 307: Subtask clean_data
[2024-08-05T14:34:20.296+0300] {task_command.py:426} INFO - Running <TaskInstance: process_air_pollution_data_dag.clean_data scheduled__2024-08-04T00:00:00+00:00 [running]> on host std21092
[2024-08-05T14:34:20.365+0300] {taskinstance.py:2648} INFO - Exporting env vars: AIRFLOW_CTX_DAG_OWNER='airflow' AIRFLOW_CTX_DAG_ID='process_air_pollution_data_dag' AIRFLOW_CTX_TASK_ID='clean_data' AIRFLOW_CTX_EXECUTION_DATE='2024-08-04T00:00:00+00:00' AIRFLOW_CTX_TRY_NUMBER='1' AIRFLOW_CTX_DAG_RUN_ID='scheduled__2024-08-04T00:00:00+00:00'
[2024-08-05T14:34:20.366+0300] {taskinstance.py:430} INFO - ::endgroup::
[2024-08-05T14:34:20.369+0300] {taskinstance.py:441} INFO - ::group::Post task execution logs
[2024-08-05T14:34:20.370+0300] {taskinstance.py:2905} ERROR - Task failed with exception
Traceback (most recent call last):
  File "/home/safidy/.local/lib/python3.9/site-packages/airflow/models/taskinstance.py", line 465, in _execute_task
    result = _execute_callable(context=context, **execute_callable_kwargs)
  File "/home/safidy/.local/lib/python3.9/site-packages/airflow/models/taskinstance.py", line 432, in _execute_callable
    return execute_callable(context=context, **execute_callable_kwargs)
  File "/home/safidy/.local/lib/python3.9/site-packages/airflow/models/baseoperator.py", line 401, in wrapper
    return func(self, *args, **kwargs)
  File "/home/safidy/.local/lib/python3.9/site-packages/airflow/operators/python.py", line 235, in execute
    return_value = self.execute_callable()
  File "/home/safidy/.local/lib/python3.9/site-packages/airflow/operators/python.py", line 252, in execute_callable
    return self.python_callable(*self.op_args, **self.op_kwargs)
  File "/home/safidy/airflow/dags/process_air_pollution_data_dag.py", line 8, in clean_data
    df = pd.read_csv('/home/safidy/airflow/data/air_pollution_data.csv')
  File "/home/safidy/.local/lib/python3.9/site-packages/pandas/io/parsers/readers.py", line 912, in read_csv
    return _read(filepath_or_buffer, kwds)
  File "/home/safidy/.local/lib/python3.9/site-packages/pandas/io/parsers/readers.py", line 583, in _read
    return parser.read(nrows)
  File "/home/safidy/.local/lib/python3.9/site-packages/pandas/io/parsers/readers.py", line 1704, in read
    ) = self._engine.read(  # type: ignore[attr-defined]
  File "/home/safidy/.local/lib/python3.9/site-packages/pandas/io/parsers/c_parser_wrapper.py", line 234, in read
    chunks = self._reader.read_low_memory(nrows)
  File "pandas/_libs/parsers.pyx", line 814, in pandas._libs.parsers.TextReader.read_low_memory
  File "pandas/_libs/parsers.pyx", line 875, in pandas._libs.parsers.TextReader._read_rows
  File "pandas/_libs/parsers.pyx", line 850, in pandas._libs.parsers.TextReader._tokenize_rows
  File "pandas/_libs/parsers.pyx", line 861, in pandas._libs.parsers.TextReader._check_tokenize_status
  File "pandas/_libs/parsers.pyx", line 2029, in pandas._libs.parsers.raise_parser_error
pandas.errors.ParserError: Error tokenizing data. C error: Expected 3 fields in line 3, saw 10

[2024-08-05T14:34:20.378+0300] {taskinstance.py:1206} INFO - Marking task as UP_FOR_RETRY. dag_id=process_air_pollution_data_dag, task_id=clean_data, run_id=scheduled__2024-08-04T00:00:00+00:00, execution_date=20240804T000000, start_date=20240805T113420, end_date=20240805T113420
[2024-08-05T14:34:20.390+0300] {standard_task_runner.py:110} ERROR - Failed to execute job 307 for task clean_data (Error tokenizing data. C error: Expected 3 fields in line 3, saw 10
; 90246)
[2024-08-05T14:34:20.424+0300] {local_task_job_runner.py:243} INFO - Task exited with return code 1
[2024-08-05T14:34:20.446+0300] {taskinstance.py:3503} INFO - 0 downstream tasks scheduled from follow-on schedule check
[2024-08-05T14:34:20.448+0300] {local_task_job_runner.py:222} INFO - ::endgroup::
[2024-08-05T14:43:46.605+0300] {local_task_job_runner.py:120} INFO - ::group::Pre task execution logs
[2024-08-05T14:43:46.634+0300] {taskinstance.py:2076} INFO - Dependencies all met for dep_context=non-requeueable deps ti=<TaskInstance: process_air_pollution_data_dag.clean_data scheduled__2024-08-04T00:00:00+00:00 [queued]>
[2024-08-05T14:43:46.641+0300] {taskinstance.py:2076} INFO - Dependencies all met for dep_context=requeueable deps ti=<TaskInstance: process_air_pollution_data_dag.clean_data scheduled__2024-08-04T00:00:00+00:00 [queued]>
[2024-08-05T14:43:46.641+0300] {taskinstance.py:2306} INFO - Starting attempt 1 of 2
[2024-08-05T14:43:46.659+0300] {taskinstance.py:2330} INFO - Executing <Task(PythonOperator): clean_data> on 2024-08-04 00:00:00+00:00
[2024-08-05T14:43:46.663+0300] {standard_task_runner.py:64} INFO - Started process 94267 to run task
[2024-08-05T14:43:46.668+0300] {standard_task_runner.py:90} INFO - Running: ['airflow', 'tasks', 'run', 'process_air_pollution_data_dag', 'clean_data', 'scheduled__2024-08-04T00:00:00+00:00', '--job-id', '307', '--raw', '--subdir', 'DAGS_FOLDER/process_air_pollution_data_dag.py', '--cfg-path', '/tmp/tmp0deo52pv']
[2024-08-05T14:43:46.669+0300] {standard_task_runner.py:91} INFO - Job 307: Subtask clean_data
[2024-08-05T14:43:46.708+0300] {task_command.py:426} INFO - Running <TaskInstance: process_air_pollution_data_dag.clean_data scheduled__2024-08-04T00:00:00+00:00 [running]> on host std21092
[2024-08-05T14:43:46.779+0300] {taskinstance.py:2648} INFO - Exporting env vars: AIRFLOW_CTX_DAG_OWNER='airflow' AIRFLOW_CTX_DAG_ID='process_air_pollution_data_dag' AIRFLOW_CTX_TASK_ID='clean_data' AIRFLOW_CTX_EXECUTION_DATE='2024-08-04T00:00:00+00:00' AIRFLOW_CTX_TRY_NUMBER='1' AIRFLOW_CTX_DAG_RUN_ID='scheduled__2024-08-04T00:00:00+00:00'
[2024-08-05T14:43:46.781+0300] {taskinstance.py:430} INFO - ::endgroup::
[2024-08-05T14:43:46.782+0300] {logging_mixin.py:188} INFO - Erreur lors du nettoyage des données : read_csv() got an unexpected keyword argument 'error_bad_lines'
[2024-08-05T14:43:46.782+0300] {python.py:237} INFO - Done. Returned value was: None
[2024-08-05T14:43:46.782+0300] {taskinstance.py:441} INFO - ::group::Post task execution logs
[2024-08-05T14:43:46.787+0300] {taskinstance.py:1206} INFO - Marking task as SUCCESS. dag_id=process_air_pollution_data_dag, task_id=clean_data, run_id=scheduled__2024-08-04T00:00:00+00:00, execution_date=20240804T000000, start_date=20240805T114346, end_date=20240805T114346
[2024-08-05T14:43:46.840+0300] {local_task_job_runner.py:243} INFO - Task exited with return code 0
[2024-08-05T14:43:46.881+0300] {taskinstance.py:3503} INFO - 1 downstream tasks scheduled from follow-on schedule check
[2024-08-05T14:43:46.890+0300] {local_task_job_runner.py:222} INFO - ::endgroup::
