[2024-08-05T14:44:04.599+0300] {local_task_job_runner.py:120} INFO - ::group::Pre task execution logs
[2024-08-05T14:44:04.650+0300] {taskinstance.py:2076} INFO - Dependencies all met for dep_context=non-requeueable deps ti=<TaskInstance: process_air_pollution_data_dag.merge_data manual__2024-08-05T11:43:42.654312+00:00 [queued]>
[2024-08-05T14:44:04.668+0300] {taskinstance.py:2076} INFO - Dependencies all met for dep_context=requeueable deps ti=<TaskInstance: process_air_pollution_data_dag.merge_data manual__2024-08-05T11:43:42.654312+00:00 [queued]>
[2024-08-05T14:44:04.668+0300] {taskinstance.py:2306} INFO - Starting attempt 1 of 2
[2024-08-05T14:44:04.711+0300] {taskinstance.py:2330} INFO - Executing <Task(PythonOperator): merge_data> on 2024-08-05 11:43:42.654312+00:00
[2024-08-05T14:44:04.724+0300] {standard_task_runner.py:64} INFO - Started process 94465 to run task
[2024-08-05T14:44:04.744+0300] {standard_task_runner.py:90} INFO - Running: ['airflow', 'tasks', 'run', 'process_air_pollution_data_dag', 'merge_data', 'manual__2024-08-05T11:43:42.654312+00:00', '--job-id', '310', '--raw', '--subdir', 'DAGS_FOLDER/process_air_pollution_data_dag.py', '--cfg-path', '/tmp/tmpgoca18ys']
[2024-08-05T14:44:04.745+0300] {standard_task_runner.py:91} INFO - Job 310: Subtask merge_data
[2024-08-05T14:44:04.811+0300] {task_command.py:426} INFO - Running <TaskInstance: process_air_pollution_data_dag.merge_data manual__2024-08-05T11:43:42.654312+00:00 [running]> on host std21092
[2024-08-05T14:44:04.953+0300] {taskinstance.py:2648} INFO - Exporting env vars: AIRFLOW_CTX_DAG_OWNER='airflow' AIRFLOW_CTX_DAG_ID='process_air_pollution_data_dag' AIRFLOW_CTX_TASK_ID='merge_data' AIRFLOW_CTX_EXECUTION_DATE='2024-08-05T11:43:42.654312+00:00' AIRFLOW_CTX_TRY_NUMBER='1' AIRFLOW_CTX_DAG_RUN_ID='manual__2024-08-05T11:43:42.654312+00:00'
[2024-08-05T14:44:04.955+0300] {taskinstance.py:430} INFO - ::endgroup::
[2024-08-05T14:44:04.966+0300] {logging_mixin.py:188} INFO - Colonnes dans air_pollution_df: Index(['list', 'coord.lon', 'coord.lat'], dtype='object')
[2024-08-05T14:44:04.967+0300] {logging_mixin.py:188} INFO - Colonnes dans demographic_df: Index(['Location', 'Population', 'Density (people/km²)', 'Urbanization (%)',
       'Average Income (USD)',
       'Education Level (% with Bachelor's or higher)'],
      dtype='object')
[2024-08-05T14:44:04.967+0300] {logging_mixin.py:188} INFO - Colonnes dans geographic_df: Index(['Location', 'Altitude (m)', 'Proximity to Industry (km)'], dtype='object')
[2024-08-05T14:44:04.968+0300] {logging_mixin.py:188} INFO - Erreur lors de la fusion des données : 'city'
[2024-08-05T14:44:04.968+0300] {python.py:237} INFO - Done. Returned value was: None
[2024-08-05T14:44:04.968+0300] {taskinstance.py:441} INFO - ::group::Post task execution logs
[2024-08-05T14:44:04.974+0300] {taskinstance.py:1206} INFO - Marking task as SUCCESS. dag_id=process_air_pollution_data_dag, task_id=merge_data, run_id=manual__2024-08-05T11:43:42.654312+00:00, execution_date=20240805T114342, start_date=20240805T114404, end_date=20240805T114404
[2024-08-05T14:44:05.032+0300] {local_task_job_runner.py:243} INFO - Task exited with return code 0
[2024-08-05T14:44:05.052+0300] {taskinstance.py:3503} INFO - 1 downstream tasks scheduled from follow-on schedule check
[2024-08-05T14:44:05.055+0300] {local_task_job_runner.py:222} INFO - ::endgroup::
