[2024-08-05T14:43:58.984+0300] {local_task_job_runner.py:120} INFO - ::group::Pre task execution logs
[2024-08-05T14:43:59.011+0300] {taskinstance.py:2076} INFO - Dependencies all met for dep_context=non-requeueable deps ti=<TaskInstance: process_air_pollution_data_dag.merge_data scheduled__2024-08-04T00:00:00+00:00 [queued]>
[2024-08-05T14:43:59.020+0300] {taskinstance.py:2076} INFO - Dependencies all met for dep_context=requeueable deps ti=<TaskInstance: process_air_pollution_data_dag.merge_data scheduled__2024-08-04T00:00:00+00:00 [queued]>
[2024-08-05T14:43:59.020+0300] {taskinstance.py:2306} INFO - Starting attempt 1 of 2
[2024-08-05T14:43:59.036+0300] {taskinstance.py:2330} INFO - Executing <Task(PythonOperator): merge_data> on 2024-08-04 00:00:00+00:00
[2024-08-05T14:43:59.045+0300] {standard_task_runner.py:64} INFO - Started process 94406 to run task
[2024-08-05T14:43:59.052+0300] {standard_task_runner.py:90} INFO - Running: ['airflow', 'tasks', 'run', 'process_air_pollution_data_dag', 'merge_data', 'scheduled__2024-08-04T00:00:00+00:00', '--job-id', '309', '--raw', '--subdir', 'DAGS_FOLDER/process_air_pollution_data_dag.py', '--cfg-path', '/tmp/tmpbwy1qruc']
[2024-08-05T14:43:59.053+0300] {standard_task_runner.py:91} INFO - Job 309: Subtask merge_data
[2024-08-05T14:43:59.120+0300] {task_command.py:426} INFO - Running <TaskInstance: process_air_pollution_data_dag.merge_data scheduled__2024-08-04T00:00:00+00:00 [running]> on host std21092
[2024-08-05T14:43:59.303+0300] {taskinstance.py:2648} INFO - Exporting env vars: AIRFLOW_CTX_DAG_OWNER='airflow' AIRFLOW_CTX_DAG_ID='process_air_pollution_data_dag' AIRFLOW_CTX_TASK_ID='merge_data' AIRFLOW_CTX_EXECUTION_DATE='2024-08-04T00:00:00+00:00' AIRFLOW_CTX_TRY_NUMBER='1' AIRFLOW_CTX_DAG_RUN_ID='scheduled__2024-08-04T00:00:00+00:00'
[2024-08-05T14:43:59.307+0300] {taskinstance.py:430} INFO - ::endgroup::
[2024-08-05T14:43:59.332+0300] {logging_mixin.py:188} INFO - Colonnes dans air_pollution_df: Index(['list', 'coord.lon', 'coord.lat'], dtype='object')
[2024-08-05T14:43:59.333+0300] {logging_mixin.py:188} INFO - Colonnes dans demographic_df: Index(['Location', 'Population', 'Density (people/km²)', 'Urbanization (%)',
       'Average Income (USD)',
       'Education Level (% with Bachelor's or higher)'],
      dtype='object')
[2024-08-05T14:43:59.333+0300] {logging_mixin.py:188} INFO - Colonnes dans geographic_df: Index(['Location', 'Altitude (m)', 'Proximity to Industry (km)'], dtype='object')
[2024-08-05T14:43:59.359+0300] {logging_mixin.py:188} INFO - Erreur lors de la fusion des données : 'city'
[2024-08-05T14:43:59.362+0300] {python.py:237} INFO - Done. Returned value was: None
[2024-08-05T14:43:59.363+0300] {taskinstance.py:441} INFO - ::group::Post task execution logs
[2024-08-05T14:43:59.385+0300] {taskinstance.py:1206} INFO - Marking task as SUCCESS. dag_id=process_air_pollution_data_dag, task_id=merge_data, run_id=scheduled__2024-08-04T00:00:00+00:00, execution_date=20240804T000000, start_date=20240805T114359, end_date=20240805T114359
[2024-08-05T14:43:59.465+0300] {local_task_job_runner.py:243} INFO - Task exited with return code 0
[2024-08-05T14:43:59.546+0300] {taskinstance.py:3503} INFO - 1 downstream tasks scheduled from follow-on schedule check
[2024-08-05T14:43:59.552+0300] {local_task_job_runner.py:222} INFO - ::endgroup::
